# JRE version: Java(TM) SE Runtime Environment (8.0_131-b11) (build 1.8.0_131-b11)
# Java VM: Java HotSpot(TM) 64-Bit Server VM (25.131-b11 mixed mode bsd-amd64 compressed oops)
Heap:
 PSYoungGen      total 297472K, used 128K [0x00000007aab00000, 0x00000007c0000000, 0x00000007c0000000)
  eden space 244736K, 0% used [0x00000007aab00000,0x00000007aab00000,0x00000007b9a00000)
  from space 52736K, 0% used [0x00000007bcc80000,0x00000007bcca0000,0x00000007c0000000)
  to   space 51712K, 0% used [0x00000007b9a00000,0x00000007b9a00000,0x00000007bcc80000)
 ParOldGen       total 699392K, used 125372K [0x0000000780000000, 0x00000007aab00000, 0x00000007aab00000)
  object space 699392K, 17% used [0x0000000780000000,0x0000000787a6f2e0,0x00000007aab00000)
 Metaspace       used 172110K, capacity 193907K, committed 195328K, reserved 1220608K
  class space    used 23483K, capacity 24686K, committed 24832K, reserved 1048576K
GC Heap History (10 events):
Event: 1189.597 GC heap before
{Heap before GC invocations=36 (full 12):
 PSYoungGen      total 287232K, used 96K [0x00000007aab00000, 0x00000007c0000000, 0x00000007c0000000)
  eden space 224256K, 0% used [0x00000007aab00000,0x00000007aab00000,0x00000007b8600000)
  from space 62976K, 0% used [0x00000007bc280000,0x00000007bc298000,0x00000007c0000000)
  to   space 61952K, 0% used [0x00000007b8600000,0x00000007b8600000,0x00000007bc280000)
 ParOldGen       total 699392K, used 126671K [0x0000000780000000, 0x00000007aab00000, 0x00000007aab00000)
  object space 699392K, 18% used [0x0000000780000000,0x0000000787bb3dc0,0x00000007aab00000)
 Metaspace       used 171229K, capacity 192725K, committed 194432K, reserved 1218560K
  class space    used 23375K, capacity 24563K, committed 24704K, reserved 1048576K
Event: 1189.957 GC heap after
Heap after GC invocations=36 (full 12):
 PSYoungGen      total 287232K, used 0K [0x00000007aab00000, 0x00000007c0000000, 0x00000007c0000000)
  eden space 224256K, 0% used [0x00000007aab00000,0x00000007aab00000,0x00000007b8600000)
  from space 62976K, 0% used [0x00000007bc280000,0x00000007bc280000,0x00000007c0000000)
  to   space 61952K, 0% used [0x00000007b8600000,0x00000007b8600000,0x00000007bc280000)
 ParOldGen       total 699392K, used 120031K [0x0000000780000000, 0x00000007aab00000, 0x00000007aab00000)
  object space 699392K, 17% used [0x0000000780000000,0x0000000787537dc0,0x00000007aab00000)
 Metaspace       used 171229K, capacity 192725K, committed 194432K, reserved 1218560K
  class space    used 23375K, capacity 24563K, committed 24704K, reserved 1048576K
}
Event: 1190.325 GC heap before
{Heap before GC invocations=37 (full 12):
 PSYoungGen      total 287232K, used 223898K [0x00000007aab00000, 0x00000007c0000000, 0x00000007c0000000)
  eden space 224256K, 99% used [0x00000007aab00000,0x00000007b85a6ac8,0x00000007b8600000)
  from space 62976K, 0% used [0x00000007bc280000,0x00000007bc280000,0x00000007c0000000)
  to   space 61952K, 0% used [0x00000007b8600000,0x00000007b8600000,0x00000007bc280000)
 ParOldGen       total 699392K, used 120031K [0x0000000780000000, 0x00000007aab00000, 0x00000007aab00000)
  object space 699392K, 17% used [0x0000000780000000,0x0000000787537dc0,0x00000007aab00000)
 Metaspace       used 171362K, capacity 193063K, committed 194432K, reserved 1218560K
  class space    used 23378K, capacity 24568K, committed 24704K, reserved 1048576K
Event: 1190.331 GC heap after
Heap after GC invocations=37 (full 12):
 PSYoungGen      total 286208K, used 3723K [0x00000007aab00000, 0x00000007c0000000, 0x00000007c0000000)
  eden space 224256K, 0% used [0x00000007aab00000,0x00000007aab00000,0x00000007b8600000)
  from space 61952K, 6% used [0x00000007b8600000,0x00000007b89a2e30,0x00000007bc280000)
  to   space 60416K, 0% used [0x00000007bc500000,0x00000007bc500000,0x00000007c0000000)
 ParOldGen       total 699392K, used 120039K [0x0000000780000000, 0x00000007aab00000, 0x00000007aab00000)
  object space 699392K, 17% used [0x0000000780000000,0x0000000787539dc0,0x00000007aab00000)
 Metaspace       used 171362K, capacity 193063K, committed 194432K, reserved 1218560K
  class space    used 23378K, capacity 24568K, committed 24704K, reserved 1048576K
}
Event: 1643.383 GC heap before
{Heap before GC invocations=38 (full 12):
 PSYoungGen      total 286208K, used 227979K [0x00000007aab00000, 0x00000007c0000000, 0x00000007c0000000)
  eden space 224256K, 100% used [0x00000007aab00000,0x00000007b8600000,0x00000007b8600000)
  from space 61952K, 6% used [0x00000007b8600000,0x00000007b89a2e30,0x00000007bc280000)
  to   space 60416K, 0% used [0x00000007bc500000,0x00000007bc500000,0x00000007c0000000)
 ParOldGen       total 699392K, used 120039K [0x0000000780000000, 0x00000007aab00000, 0x00000007aab00000)
  object space 699392K, 17% used [0x0000000780000000,0x0000000787539dc0,0x00000007aab00000)
 Metaspace       used 172079K, capacity 193913K, committed 194560K, reserved 1218560K
  class space    used 23483K, capacity 24688K, committed 24832K, reserved 1048576K
Event: 1643.390 GC heap after
Heap after GC invocations=38 (full 12):
 PSYoungGen      total 292352K, used 11303K [0x00000007aab00000, 0x00000007c0000000, 0x00000007c0000000)
  eden space 231936K, 0% used [0x00000007aab00000,0x00000007aab00000,0x00000007b8d80000)
  from space 60416K, 18% used [0x00000007bc500000,0x00000007bd009e50,0x00000007c0000000)
  to   space 56832K, 0% used [0x00000007b8d80000,0x00000007b8d80000,0x00000007bc500000)
 ParOldGen       total 699392K, used 120047K [0x0000000780000000, 0x00000007aab00000, 0x00000007aab00000)
  object space 699392K, 17% used [0x0000000780000000,0x000000078753bdc0,0x00000007aab00000)
 Metaspace       used 172079K, capacity 193913K, committed 194560K, reserved 1218560K
  class space    used 23483K, capacity 24688K, committed 24832K, reserved 1048576K
}
Event: 1643.644 GC heap before
{Heap before GC invocations=39 (full 12):
 PSYoungGen      total 292352K, used 47435K [0x00000007aab00000, 0x00000007c0000000, 0x00000007c0000000)
  eden space 231936K, 15% used [0x00000007aab00000,0x00000007ace48ee0,0x00000007b8d80000)
  from space 60416K, 18% used [0x00000007bc500000,0x00000007bd009e50,0x00000007c0000000)
  to   space 56832K, 0% used [0x00000007b8d80000,0x00000007b8d80000,0x00000007bc500000)
 ParOldGen       total 699392K, used 120047K [0x0000000780000000, 0x00000007aab00000, 0x00000007aab00000)
  object space 699392K, 17% used [0x0000000780000000,0x000000078753bdc0,0x00000007aab00000)
 Metaspace       used 173173K, capacity 195025K, committed 195328K, reserved 1220608K
  class space    used 23550K, capacity 24760K, committed 24832K, reserved 1048576K
Event: 1643.653 GC heap after
Heap after GC invocations=39 (full 12):
 PSYoungGen      total 288768K, used 15645K [0x00000007aab00000, 0x00000007c0000000, 0x00000007c0000000)
  eden space 231936K, 0% used [0x00000007aab00000,0x00000007aab00000,0x00000007b8d80000)
  from space 56832K, 27% used [0x00000007b8d80000,0x00000007b9cc7748,0x00000007bc500000)
  to   space 52736K, 0% used [0x00000007bcc80000,0x00000007bcc80000,0x00000007c0000000)
 ParOldGen       total 699392K, used 120055K [0x0000000780000000, 0x00000007aab00000, 0x00000007aab00000)
  object space 699392K, 17% used [0x0000000780000000,0x000000078753ddc0,0x00000007aab00000)
 Metaspace       used 173173K, capacity 195025K, committed 195328K, reserved 1220608K
  class space    used 23550K, capacity 24760K, committed 24832K, reserved 1048576K
}
Event: 1643.653 GC heap before
{Heap before GC invocations=40 (full 13):
 PSYoungGen      total 288768K, used 15645K [0x00000007aab00000, 0x00000007c0000000, 0x00000007c0000000)
  eden space 231936K, 0% used [0x00000007aab00000,0x00000007aab00000,0x00000007b8d80000)
  from space 56832K, 27% used [0x00000007b8d80000,0x00000007b9cc7748,0x00000007bc500000)
  to   space 52736K, 0% used [0x00000007bcc80000,0x00000007bcc80000,0x00000007c0000000)
 ParOldGen       total 699392K, used 120055K [0x0000000780000000, 0x00000007aab00000, 0x00000007aab00000)
  object space 699392K, 17% used [0x0000000780000000,0x000000078753ddc0,0x00000007aab00000)
 Metaspace       used 173173K, capacity 195025K, committed 195328K, reserved 1220608K
  class space    used 23550K, capacity 24760K, committed 24832K, reserved 1048576K
Event: 1644.140 GC heap after
Heap after GC invocations=40 (full 13):
 PSYoungGen      total 288768K, used 0K [0x00000007aab00000, 0x00000007c0000000, 0x00000007c0000000)
  eden space 231936K, 0% used [0x00000007aab00000,0x00000007aab00000,0x00000007b8d80000)
  from space 56832K, 0% used [0x00000007b8d80000,0x00000007b8d80000,0x00000007bc500000)
  to   space 52736K, 0% used [0x00000007bcc80000,0x00000007bcc80000,0x00000007c0000000)
 ParOldGen       total 699392K, used 125372K [0x0000000780000000, 0x00000007aab00000, 0x00000007aab00000)
  object space 699392K, 17% used [0x0000000780000000,0x0000000787a6f2e0,0x00000007aab00000)
 Metaspace       used 172110K, capacity 193907K, committed 195328K, reserved 1220608K
  class space    used 23483K, capacity 24686K, committed 24832K, reserved 1048576K
}

