# JRE version: Java(TM) SE Runtime Environment (8.0_131-b11) (build 1.8.0_131-b11)
# Java VM: Java HotSpot(TM) 64-Bit Server VM (25.131-b11 mixed mode bsd-amd64 compressed oops)
Heap:
 PSYoungGen      total 297472K, used 96K [0x00000007aab00000, 0x00000007c0000000, 0x00000007c0000000)
  eden space 248832K, 0% used [0x00000007aab00000,0x00000007aab00000,0x00000007b9e00000)
  from space 48640K, 0% used [0x00000007b9e00000,0x00000007b9e18000,0x00000007bcd80000)
  to   space 48640K, 0% used [0x00000007bd080000,0x00000007bd080000,0x00000007c0000000)
 ParOldGen       total 699392K, used 100579K [0x0000000780000000, 0x00000007aab00000, 0x00000007aab00000)
  object space 699392K, 14% used [0x0000000780000000,0x0000000786238df0,0x00000007aab00000)
 Metaspace       used 129622K, capacity 146025K, committed 148992K, reserved 1179648K
  class space    used 18017K, capacity 19055K, committed 19200K, reserved 1048576K
GC Heap History (10 events):
Event: 6582.126 GC heap before
{Heap before GC invocations=27 (full 9):
 PSYoungGen      total 295936K, used 1817K [0x00000007aab00000, 0x00000007c0000000, 0x00000007c0000000)
  eden space 242688K, 0% used [0x00000007aab00000,0x00000007aacc6610,0x00000007b9800000)
  from space 53248K, 0% used [0x00000007b9800000,0x00000007b9800000,0x00000007bcc00000)
  to   space 51712K, 0% used [0x00000007bcd80000,0x00000007bcd80000,0x00000007c0000000)
 ParOldGen       total 699392K, used 99498K [0x0000000780000000, 0x00000007aab00000, 0x00000007aab00000)
  object space 699392K, 14% used [0x0000000780000000,0x000000078612a9e0,0x00000007aab00000)
 Metaspace       used 128656K, capacity 144801K, committed 148736K, reserved 1179648K
  class space    used 17900K, capacity 18902K, committed 19200K, reserved 1048576K
Event: 6582.130 GC heap after
Heap after GC invocations=27 (full 9):
 PSYoungGen      total 296448K, used 160K [0x00000007aab00000, 0x00000007c0000000, 0x00000007c0000000)
  eden space 244736K, 0% used [0x00000007aab00000,0x00000007aab00000,0x00000007b9a00000)
  from space 51712K, 0% used [0x00000007bcd80000,0x00000007bcda8000,0x00000007c0000000)
  to   space 52224K, 0% used [0x00000007b9a00000,0x00000007b9a00000,0x00000007bcd00000)
 ParOldGen       total 699392K, used 99498K [0x0000000780000000, 0x00000007aab00000, 0x00000007aab00000)
  object space 699392K, 14% used [0x0000000780000000,0x000000078612a9e0,0x00000007aab00000)
 Metaspace       used 128656K, capacity 144801K, committed 148736K, reserved 1179648K
  class space    used 17900K, capacity 18902K, committed 19200K, reserved 1048576K
}
Event: 6582.130 GC heap before
{Heap before GC invocations=28 (full 10):
 PSYoungGen      total 296448K, used 160K [0x00000007aab00000, 0x00000007c0000000, 0x00000007c0000000)
  eden space 244736K, 0% used [0x00000007aab00000,0x00000007aab00000,0x00000007b9a00000)
  from space 51712K, 0% used [0x00000007bcd80000,0x00000007bcda8000,0x00000007c0000000)
  to   space 52224K, 0% used [0x00000007b9a00000,0x00000007b9a00000,0x00000007bcd00000)
 ParOldGen       total 699392K, used 99498K [0x0000000780000000, 0x00000007aab00000, 0x00000007aab00000)
  object space 699392K, 14% used [0x0000000780000000,0x000000078612a9e0,0x00000007aab00000)
 Metaspace       used 128656K, capacity 144801K, committed 148736K, reserved 1179648K
  class space    used 17900K, capacity 18902K, committed 19200K, reserved 1048576K
Event: 6582.362 GC heap after
Heap after GC invocations=28 (full 10):
 PSYoungGen      total 296448K, used 0K [0x00000007aab00000, 0x00000007c0000000, 0x00000007c0000000)
  eden space 244736K, 0% used [0x00000007aab00000,0x00000007aab00000,0x00000007b9a00000)
  from space 51712K, 0% used [0x00000007bcd80000,0x00000007bcd80000,0x00000007c0000000)
  to   space 52224K, 0% used [0x00000007b9a00000,0x00000007b9a00000,0x00000007bcd00000)
 ParOldGen       total 699392K, used 96876K [0x0000000780000000, 0x00000007aab00000, 0x00000007aab00000)
  object space 699392K, 13% used [0x0000000780000000,0x0000000785e9b2c8,0x00000007aab00000)
 Metaspace       used 128656K, capacity 144801K, committed 148736K, reserved 1179648K
  class space    used 17900K, capacity 18902K, committed 19200K, reserved 1048576K
}
Event: 6582.851 GC heap before
{Heap before GC invocations=29 (full 10):
 PSYoungGen      total 296448K, used 244726K [0x00000007aab00000, 0x00000007c0000000, 0x00000007c0000000)
  eden space 244736K, 99% used [0x00000007aab00000,0x00000007b99fd8a8,0x00000007b9a00000)
  from space 51712K, 0% used [0x00000007bcd80000,0x00000007bcd80000,0x00000007c0000000)
  to   space 52224K, 0% used [0x00000007b9a00000,0x00000007b9a00000,0x00000007bcd00000)
 ParOldGen       total 699392K, used 96876K [0x0000000780000000, 0x00000007aab00000, 0x00000007aab00000)
  object space 699392K, 13% used [0x0000000780000000,0x0000000785e9b2c8,0x00000007aab00000)
 Metaspace       used 128922K, capacity 145133K, committed 148736K, reserved 1179648K
  class space    used 17903K, capacity 18906K, committed 19200K, reserved 1048576K
Event: 6582.857 GC heap after
Heap after GC invocations=29 (full 10):
 PSYoungGen      total 296960K, used 2816K [0x00000007aab00000, 0x00000007c0000000, 0x00000007c0000000)
  eden space 244736K, 0% used [0x00000007aab00000,0x00000007aab00000,0x00000007b9a00000)
  from space 52224K, 5% used [0x00000007b9a00000,0x00000007b9cc0060,0x00000007bcd00000)
  to   space 51712K, 0% used [0x00000007bcd80000,0x00000007bcd80000,0x00000007c0000000)
 ParOldGen       total 699392K, used 96884K [0x0000000780000000, 0x00000007aab00000, 0x00000007aab00000)
  object space 699392K, 13% used [0x0000000780000000,0x0000000785e9d2c8,0x00000007aab00000)
 Metaspace       used 128922K, capacity 145133K, committed 148736K, reserved 1179648K
  class space    used 17903K, capacity 18906K, committed 19200K, reserved 1048576K
}
Event: 6706.962 GC heap before
{Heap before GC invocations=30 (full 10):
 PSYoungGen      total 296960K, used 227126K [0x00000007aab00000, 0x00000007c0000000, 0x00000007c0000000)
  eden space 244736K, 91% used [0x00000007aab00000,0x00000007b860da78,0x00000007b9a00000)
  from space 52224K, 5% used [0x00000007b9a00000,0x00000007b9cc0060,0x00000007bcd00000)
  to   space 51712K, 0% used [0x00000007bcd80000,0x00000007bcd80000,0x00000007c0000000)
 ParOldGen       total 699392K, used 96884K [0x0000000780000000, 0x00000007aab00000, 0x00000007aab00000)
  object space 699392K, 13% used [0x0000000780000000,0x0000000785e9d2c8,0x00000007aab00000)
 Metaspace       used 129825K, capacity 146279K, committed 148992K, reserved 1179648K
  class space    used 18029K, capacity 19097K, committed 19200K, reserved 1048576K
Event: 6706.983 GC heap after
Heap after GC invocations=30 (full 10):
 PSYoungGen      total 300544K, used 13913K [0x00000007aab00000, 0x00000007c0000000, 0x00000007c0000000)
  eden space 248832K, 0% used [0x00000007aab00000,0x00000007aab00000,0x00000007b9e00000)
  from space 51712K, 26% used [0x00000007bcd80000,0x00000007bdb167d8,0x00000007c0000000)
  to   space 48640K, 0% used [0x00000007b9e00000,0x00000007b9e00000,0x00000007bcd80000)
 ParOldGen       total 699392K, used 96892K [0x0000000780000000, 0x00000007aab00000, 0x00000007aab00000)
  object space 699392K, 13% used [0x0000000780000000,0x0000000785e9f2c8,0x00000007aab00000)
 Metaspace       used 129825K, capacity 146279K, committed 148992K, reserved 1179648K
  class space    used 18029K, capacity 19097K, committed 19200K, reserved 1048576K
}
Event: 6706.983 GC heap before
{Heap before GC invocations=31 (full 11):
 PSYoungGen      total 300544K, used 13913K [0x00000007aab00000, 0x00000007c0000000, 0x00000007c0000000)
  eden space 248832K, 0% used [0x00000007aab00000,0x00000007aab00000,0x00000007b9e00000)
  from space 51712K, 26% used [0x00000007bcd80000,0x00000007bdb167d8,0x00000007c0000000)
  to   space 48640K, 0% used [0x00000007b9e00000,0x00000007b9e00000,0x00000007bcd80000)
 ParOldGen       total 699392K, used 96892K [0x0000000780000000, 0x00000007aab00000, 0x00000007aab00000)
  object space 699392K, 13% used [0x0000000780000000,0x0000000785e9f2c8,0x00000007aab00000)
 Metaspace       used 129825K, capacity 146279K, committed 148992K, reserved 1179648K
  class space    used 18029K, capacity 19097K, committed 19200K, reserved 1048576K
Event: 6707.341 GC heap after
Heap after GC invocations=31 (full 11):
 PSYoungGen      total 300544K, used 0K [0x00000007aab00000, 0x00000007c0000000, 0x00000007c0000000)
  eden space 248832K, 0% used [0x00000007aab00000,0x00000007aab00000,0x00000007b9e00000)
  from space 51712K, 0% used [0x00000007bcd80000,0x00000007bcd80000,0x00000007c0000000)
  to   space 48640K, 0% used [0x00000007b9e00000,0x00000007b9e00000,0x00000007bcd80000)
 ParOldGen       total 699392K, used 100579K [0x0000000780000000, 0x00000007aab00000, 0x00000007aab00000)
  object space 699392K, 14% used [0x0000000780000000,0x0000000786238df0,0x00000007aab00000)
 Metaspace       used 129621K, capacity 146025K, committed 148992K, reserved 1179648K
  class space    used 18017K, capacity 19055K, committed 19200K, reserved 1048576K
}

