# JRE version: Java(TM) SE Runtime Environment (8.0_131-b11) (build 1.8.0_131-b11)
# Java VM: Java HotSpot(TM) 64-Bit Server VM (25.131-b11 mixed mode bsd-amd64 compressed oops)
Heap:
 PSYoungGen      total 307200K, used 128K [0x00000007aab00000, 0x00000007c0000000, 0x00000007c0000000)
  eden space 264704K, 0% used [0x00000007aab00000,0x00000007aab00000,0x00000007bad80000)
  from space 42496K, 0% used [0x00000007bd680000,0x00000007bd6a0000,0x00000007c0000000)
  to   space 41984K, 0% used [0x00000007bad80000,0x00000007bad80000,0x00000007bd680000)
 ParOldGen       total 699392K, used 98098K [0x0000000780000000, 0x00000007aab00000, 0x00000007aab00000)
  object space 699392K, 14% used [0x0000000780000000,0x0000000785fcca38,0x00000007aab00000)
 Metaspace       used 127868K, capacity 144159K, committed 145408K, reserved 1175552K
  class space    used 17887K, capacity 18801K, committed 18944K, reserved 1048576K
GC Heap History (10 events):
Event: 437.580 GC heap before
{Heap before GC invocations=32 (full 11):
 PSYoungGen      total 302592K, used 1457K [0x00000007aab00000, 0x00000007c0000000, 0x00000007c0000000)
  eden space 252928K, 0% used [0x00000007aab00000,0x00000007aac6c6c0,0x00000007ba200000)
  from space 49664K, 0% used [0x00000007bcf80000,0x00000007bcf80000,0x00000007c0000000)
  to   space 46592K, 0% used [0x00000007ba200000,0x00000007ba200000,0x00000007bcf80000)
 ParOldGen       total 699392K, used 101473K [0x0000000780000000, 0x00000007aab00000, 0x00000007aab00000)
  object space 699392K, 14% used [0x0000000780000000,0x00000007863186a8,0x00000007aab00000)
 Metaspace       used 127269K, capacity 143603K, committed 144640K, reserved 1175552K
  class space    used 17859K, capacity 18801K, committed 18944K, reserved 1048576K
Event: 437.583 GC heap after
Heap after GC invocations=32 (full 11):
 PSYoungGen      total 299520K, used 96K [0x00000007aab00000, 0x00000007c0000000, 0x00000007c0000000)
  eden space 252928K, 0% used [0x00000007aab00000,0x00000007aab00000,0x00000007ba200000)
  from space 46592K, 0% used [0x00000007ba200000,0x00000007ba218000,0x00000007bcf80000)
  to   space 46592K, 0% used [0x00000007bd280000,0x00000007bd280000,0x00000007c0000000)
 ParOldGen       total 699392K, used 101473K [0x0000000780000000, 0x00000007aab00000, 0x00000007aab00000)
  object space 699392K, 14% used [0x0000000780000000,0x00000007863186a8,0x00000007aab00000)
 Metaspace       used 127269K, capacity 143603K, committed 144640K, reserved 1175552K
  class space    used 17859K, capacity 18801K, committed 18944K, reserved 1048576K
}
Event: 437.583 GC heap before
{Heap before GC invocations=33 (full 12):
 PSYoungGen      total 299520K, used 96K [0x00000007aab00000, 0x00000007c0000000, 0x00000007c0000000)
  eden space 252928K, 0% used [0x00000007aab00000,0x00000007aab00000,0x00000007ba200000)
  from space 46592K, 0% used [0x00000007ba200000,0x00000007ba218000,0x00000007bcf80000)
  to   space 46592K, 0% used [0x00000007bd280000,0x00000007bd280000,0x00000007c0000000)
 ParOldGen       total 699392K, used 101473K [0x0000000780000000, 0x00000007aab00000, 0x00000007aab00000)
  object space 699392K, 14% used [0x0000000780000000,0x00000007863186a8,0x00000007aab00000)
 Metaspace       used 127269K, capacity 143603K, committed 144640K, reserved 1175552K
  class space    used 17859K, capacity 18801K, committed 18944K, reserved 1048576K
Event: 437.722 GC heap after
Heap after GC invocations=33 (full 12):
 PSYoungGen      total 299520K, used 0K [0x00000007aab00000, 0x00000007c0000000, 0x00000007c0000000)
  eden space 252928K, 0% used [0x00000007aab00000,0x00000007aab00000,0x00000007ba200000)
  from space 46592K, 0% used [0x00000007ba200000,0x00000007ba200000,0x00000007bcf80000)
  to   space 46592K, 0% used [0x00000007bd280000,0x00000007bd280000,0x00000007c0000000)
 ParOldGen       total 699392K, used 98550K [0x0000000780000000, 0x00000007aab00000, 0x00000007aab00000)
  object space 699392K, 14% used [0x0000000780000000,0x000000078603d930,0x00000007aab00000)
 Metaspace       used 127269K, capacity 143603K, committed 144640K, reserved 1175552K
  class space    used 17859K, capacity 18801K, committed 18944K, reserved 1048576K
}
Event: 516.207 GC heap before
{Heap before GC invocations=34 (full 12):
 PSYoungGen      total 299520K, used 252928K [0x00000007aab00000, 0x00000007c0000000, 0x00000007c0000000)
  eden space 252928K, 100% used [0x00000007aab00000,0x00000007ba200000,0x00000007ba200000)
  from space 46592K, 0% used [0x00000007ba200000,0x00000007ba200000,0x00000007bcf80000)
  to   space 46592K, 0% used [0x00000007bd280000,0x00000007bd280000,0x00000007c0000000)
 ParOldGen       total 699392K, used 98550K [0x0000000780000000, 0x00000007aab00000, 0x00000007aab00000)
  object space 699392K, 14% used [0x0000000780000000,0x000000078603d930,0x00000007aab00000)
 Metaspace       used 127863K, capacity 144177K, committed 144640K, reserved 1175552K
  class space    used 17897K, capacity 18819K, committed 18944K, reserved 1048576K
Event: 516.213 GC heap after
Heap after GC invocations=34 (full 12):
 PSYoungGen      total 304128K, used 3336K [0x00000007aab00000, 0x00000007c0000000, 0x00000007c0000000)
  eden space 257536K, 0% used [0x00000007aab00000,0x00000007aab00000,0x00000007ba680000)
  from space 46592K, 7% used [0x00000007bd280000,0x00000007bd5c23d8,0x00000007c0000000)
  to   space 45056K, 0% used [0x00000007ba680000,0x00000007ba680000,0x00000007bd280000)
 ParOldGen       total 699392K, used 98558K [0x0000000780000000, 0x00000007aab00000, 0x00000007aab00000)
  object space 699392K, 14% used [0x0000000780000000,0x000000078603f930,0x00000007aab00000)
 Metaspace       used 127863K, capacity 144177K, committed 144640K, reserved 1175552K
  class space    used 17897K, capacity 18819K, committed 18944K, reserved 1048576K
}
Event: 1113.032 GC heap before
{Heap before GC invocations=35 (full 12):
 PSYoungGen      total 304128K, used 231340K [0x00000007aab00000, 0x00000007c0000000, 0x00000007c0000000)
  eden space 257536K, 88% used [0x00000007aab00000,0x00000007b89a8e80,0x00000007ba680000)
  from space 46592K, 7% used [0x00000007bd280000,0x00000007bd5c23d8,0x00000007c0000000)
  to   space 45056K, 0% used [0x00000007ba680000,0x00000007ba680000,0x00000007bd280000)
 ParOldGen       total 699392K, used 98558K [0x0000000780000000, 0x00000007aab00000, 0x00000007aab00000)
  object space 699392K, 14% used [0x0000000780000000,0x000000078603f930,0x00000007aab00000)
 Metaspace       used 128722K, capacity 145069K, committed 145408K, reserved 1175552K
  class space    used 17932K, capacity 18859K, committed 18944K, reserved 1048576K
Event: 1113.043 GC heap after
Heap after GC invocations=35 (full 12):
 PSYoungGen      total 302592K, used 14001K [0x00000007aab00000, 0x00000007c0000000, 0x00000007c0000000)
  eden space 257536K, 0% used [0x00000007aab00000,0x00000007aab00000,0x00000007ba680000)
  from space 45056K, 31% used [0x00000007ba680000,0x00000007bb42c430,0x00000007bd280000)
  to   space 42496K, 0% used [0x00000007bd680000,0x00000007bd680000,0x00000007c0000000)
 ParOldGen       total 699392K, used 98566K [0x0000000780000000, 0x00000007aab00000, 0x00000007aab00000)
  object space 699392K, 14% used [0x0000000780000000,0x0000000786041930,0x00000007aab00000)
 Metaspace       used 128722K, capacity 145069K, committed 145408K, reserved 1175552K
  class space    used 17932K, capacity 18859K, committed 18944K, reserved 1048576K
}
Event: 1113.043 GC heap before
{Heap before GC invocations=36 (full 13):
 PSYoungGen      total 302592K, used 14001K [0x00000007aab00000, 0x00000007c0000000, 0x00000007c0000000)
  eden space 257536K, 0% used [0x00000007aab00000,0x00000007aab00000,0x00000007ba680000)
  from space 45056K, 31% used [0x00000007ba680000,0x00000007bb42c430,0x00000007bd280000)
  to   space 42496K, 0% used [0x00000007bd680000,0x00000007bd680000,0x00000007c0000000)
 ParOldGen       total 699392K, used 98566K [0x0000000780000000, 0x00000007aab00000, 0x00000007aab00000)
  object space 699392K, 14% used [0x0000000780000000,0x0000000786041930,0x00000007aab00000)
 Metaspace       used 128722K, capacity 145069K, committed 145408K, reserved 1175552K
  class space    used 17932K, capacity 18859K, committed 18944K, reserved 1048576K
Event: 1113.390 GC heap after
Heap after GC invocations=36 (full 13):
 PSYoungGen      total 302592K, used 0K [0x00000007aab00000, 0x00000007c0000000, 0x00000007c0000000)
  eden space 257536K, 0% used [0x00000007aab00000,0x00000007aab00000,0x00000007ba680000)
  from space 45056K, 0% used [0x00000007ba680000,0x00000007ba680000,0x00000007bd280000)
  to   space 42496K, 0% used [0x00000007bd680000,0x00000007bd680000,0x00000007c0000000)
 ParOldGen       total 699392K, used 98098K [0x0000000780000000, 0x00000007aab00000, 0x00000007aab00000)
  object space 699392K, 14% used [0x0000000780000000,0x0000000785fcca38,0x00000007aab00000)
 Metaspace       used 127867K, capacity 144159K, committed 145408K, reserved 1175552K
  class space    used 17887K, capacity 18801K, committed 18944K, reserved 1048576K
}

