# JRE version: Java(TM) SE Runtime Environment (8.0_131-b11) (build 1.8.0_131-b11)
# Java VM: Java HotSpot(TM) 64-Bit Server VM (25.131-b11 mixed mode bsd-amd64 compressed oops)
Heap:
 PSYoungGen      total 289792K, used 1069K [0x00000007aab00000, 0x00000007c0000000, 0x00000007c0000000)
  eden space 227328K, 0% used [0x00000007aab00000,0x00000007aac0b798,0x00000007b8900000)
  from space 62464K, 0% used [0x00000007bc300000,0x00000007bc300000,0x00000007c0000000)
  to   space 59392K, 0% used [0x00000007b8900000,0x00000007b8900000,0x00000007bc300000)
 ParOldGen       total 699392K, used 129377K [0x0000000780000000, 0x00000007aab00000, 0x00000007aab00000)
  object space 699392K, 18% used [0x0000000780000000,0x0000000787e585c8,0x00000007aab00000)
 Metaspace       used 168158K, capacity 188967K, committed 190252K, reserved 1214464K
  class space    used 23003K, capacity 24244K, committed 24364K, reserved 1048576K
GC Heap History (10 events):
Event: 270.967 GC heap before
{Heap before GC invocations=29 (full 10):
 PSYoungGen      total 281088K, used 160K [0x00000007aab00000, 0x00000007c0000000, 0x00000007c0000000)
  eden space 215040K, 0% used [0x00000007aab00000,0x00000007aab00000,0x00000007b7d00000)
  from space 66048K, 0% used [0x00000007b7d00000,0x00000007b7d28000,0x00000007bbd80000)
  to   space 66048K, 0% used [0x00000007bbf80000,0x00000007bbf80000,0x00000007c0000000)
 ParOldGen       total 699392K, used 129204K [0x0000000780000000, 0x00000007aab00000, 0x00000007aab00000)
  object space 699392K, 18% used [0x0000000780000000,0x0000000787e2d1a8,0x00000007aab00000)
 Metaspace       used 167677K, capacity 188285K, committed 189996K, reserved 1214464K
  class space    used 22964K, capacity 24168K, committed 24364K, reserved 1048576K
Event: 271.216 GC heap after
Heap after GC invocations=29 (full 10):
 PSYoungGen      total 281088K, used 0K [0x00000007aab00000, 0x00000007c0000000, 0x00000007c0000000)
  eden space 215040K, 0% used [0x00000007aab00000,0x00000007aab00000,0x00000007b7d00000)
  from space 66048K, 0% used [0x00000007b7d00000,0x00000007b7d00000,0x00000007bbd80000)
  to   space 66048K, 0% used [0x00000007bbf80000,0x00000007bbf80000,0x00000007c0000000)
 ParOldGen       total 699392K, used 126109K [0x0000000780000000, 0x00000007aab00000, 0x00000007aab00000)
  object space 699392K, 18% used [0x0000000780000000,0x0000000787b27648,0x00000007aab00000)
 Metaspace       used 167677K, capacity 188285K, committed 189996K, reserved 1214464K
  class space    used 22964K, capacity 24168K, committed 24364K, reserved 1048576K
}
Event: 271.577 GC heap before
{Heap before GC invocations=30 (full 10):
 PSYoungGen      total 281088K, used 215040K [0x00000007aab00000, 0x00000007c0000000, 0x00000007c0000000)
  eden space 215040K, 100% used [0x00000007aab00000,0x00000007b7d00000,0x00000007b7d00000)
  from space 66048K, 0% used [0x00000007b7d00000,0x00000007b7d00000,0x00000007bbd80000)
  to   space 66048K, 0% used [0x00000007bbf80000,0x00000007bbf80000,0x00000007c0000000)
 ParOldGen       total 699392K, used 126109K [0x0000000780000000, 0x00000007aab00000, 0x00000007aab00000)
  object space 699392K, 18% used [0x0000000780000000,0x0000000787b27648,0x00000007aab00000)
 Metaspace       used 167757K, capacity 188419K, committed 189996K, reserved 1214464K
  class space    used 22966K, capacity 24170K, committed 24364K, reserved 1048576K
Event: 271.583 GC heap after
Heap after GC invocations=30 (full 10):
 PSYoungGen      total 284160K, used 1595K [0x00000007aab00000, 0x00000007c0000000, 0x00000007c0000000)
  eden space 218112K, 0% used [0x00000007aab00000,0x00000007aab00000,0x00000007b8000000)
  from space 66048K, 2% used [0x00000007bbf80000,0x00000007bc10ee20,0x00000007c0000000)
  to   space 65024K, 0% used [0x00000007b8000000,0x00000007b8000000,0x00000007bbf80000)
 ParOldGen       total 699392K, used 126117K [0x0000000780000000, 0x00000007aab00000, 0x00000007aab00000)
  object space 699392K, 18% used [0x0000000780000000,0x0000000787b29648,0x00000007aab00000)
 Metaspace       used 167757K, capacity 188419K, committed 189996K, reserved 1214464K
  class space    used 22966K, capacity 24170K, committed 24364K, reserved 1048576K
}
Event: 412.993 GC heap before
{Heap before GC invocations=31 (full 10):
 PSYoungGen      total 284160K, used 218990K [0x00000007aab00000, 0x00000007c0000000, 0x00000007c0000000)
  eden space 218112K, 99% used [0x00000007aab00000,0x00000007b7f4cd28,0x00000007b8000000)
  from space 66048K, 2% used [0x00000007bbf80000,0x00000007bc10ee20,0x00000007c0000000)
  to   space 65024K, 0% used [0x00000007b8000000,0x00000007b8000000,0x00000007bbf80000)
 ParOldGen       total 699392K, used 126117K [0x0000000780000000, 0x00000007aab00000, 0x00000007aab00000)
  object space 699392K, 18% used [0x0000000780000000,0x0000000787b29648,0x00000007aab00000)
 Metaspace       used 168187K, capacity 188973K, committed 190252K, reserved 1214464K
  class space    used 23004K, capacity 24246K, committed 24364K, reserved 1048576K
Event: 413.002 GC heap after
Heap after GC invocations=31 (full 10):
 PSYoungGen      total 283136K, used 24332K [0x00000007aab00000, 0x00000007c0000000, 0x00000007c0000000)
  eden space 218112K, 0% used [0x00000007aab00000,0x00000007aab00000,0x00000007b8000000)
  from space 65024K, 37% used [0x00000007b8000000,0x00000007b97c31d0,0x00000007bbf80000)
  to   space 62464K, 0% used [0x00000007bc300000,0x00000007bc300000,0x00000007c0000000)
 ParOldGen       total 699392K, used 126125K [0x0000000780000000, 0x00000007aab00000, 0x00000007aab00000)
  object space 699392K, 18% used [0x0000000780000000,0x0000000787b2b648,0x00000007aab00000)
 Metaspace       used 168187K, capacity 188973K, committed 190252K, reserved 1214464K
  class space    used 23004K, capacity 24246K, committed 24364K, reserved 1048576K
}
Event: 413.226 GC heap before
{Heap before GC invocations=32 (full 10):
 PSYoungGen      total 283136K, used 65066K [0x00000007aab00000, 0x00000007c0000000, 0x00000007c0000000)
  eden space 218112K, 18% used [0x00000007aab00000,0x00000007ad2c7778,0x00000007b8000000)
  from space 65024K, 37% used [0x00000007b8000000,0x00000007b97c31d0,0x00000007bbf80000)
  to   space 62464K, 0% used [0x00000007bc300000,0x00000007bc300000,0x00000007c0000000)
 ParOldGen       total 699392K, used 126125K [0x0000000780000000, 0x00000007aab00000, 0x00000007aab00000)
  object space 699392K, 18% used [0x0000000780000000,0x0000000787b2b648,0x00000007aab00000)
 Metaspace       used 168344K, capacity 189221K, committed 190252K, reserved 1214464K
  class space    used 23013K, capacity 24286K, committed 24364K, reserved 1048576K
Event: 413.235 GC heap after
Heap after GC invocations=32 (full 10):
 PSYoungGen      total 289792K, used 13486K [0x00000007aab00000, 0x00000007c0000000, 0x00000007c0000000)
  eden space 227328K, 0% used [0x00000007aab00000,0x00000007aab00000,0x00000007b8900000)
  from space 62464K, 21% used [0x00000007bc300000,0x00000007bd02ba10,0x00000007c0000000)
  to   space 59392K, 0% used [0x00000007b8900000,0x00000007b8900000,0x00000007bc300000)
 ParOldGen       total 699392K, used 126133K [0x0000000780000000, 0x00000007aab00000, 0x00000007aab00000)
  object space 699392K, 18% used [0x0000000780000000,0x0000000787b2d648,0x00000007aab00000)
 Metaspace       used 168344K, capacity 189221K, committed 190252K, reserved 1214464K
  class space    used 23013K, capacity 24286K, committed 24364K, reserved 1048576K
}
Event: 413.236 GC heap before
{Heap before GC invocations=33 (full 11):
 PSYoungGen      total 289792K, used 13486K [0x00000007aab00000, 0x00000007c0000000, 0x00000007c0000000)
  eden space 227328K, 0% used [0x00000007aab00000,0x00000007aab00000,0x00000007b8900000)
  from space 62464K, 21% used [0x00000007bc300000,0x00000007bd02ba10,0x00000007c0000000)
  to   space 59392K, 0% used [0x00000007b8900000,0x00000007b8900000,0x00000007bc300000)
 ParOldGen       total 699392K, used 126133K [0x0000000780000000, 0x00000007aab00000, 0x00000007aab00000)
  object space 699392K, 18% used [0x0000000780000000,0x0000000787b2d648,0x00000007aab00000)
 Metaspace       used 168344K, capacity 189221K, committed 190252K, reserved 1214464K
  class space    used 23013K, capacity 24286K, committed 24364K, reserved 1048576K
Event: 413.601 GC heap after
Heap after GC invocations=33 (full 11):
 PSYoungGen      total 289792K, used 0K [0x00000007aab00000, 0x00000007c0000000, 0x00000007c0000000)
  eden space 227328K, 0% used [0x00000007aab00000,0x00000007aab00000,0x00000007b8900000)
  from space 62464K, 0% used [0x00000007bc300000,0x00000007bc300000,0x00000007c0000000)
  to   space 59392K, 0% used [0x00000007b8900000,0x00000007b8900000,0x00000007bc300000)
 ParOldGen       total 699392K, used 129377K [0x0000000780000000, 0x00000007aab00000, 0x00000007aab00000)
  object space 699392K, 18% used [0x0000000780000000,0x0000000787e585c8,0x00000007aab00000)
 Metaspace       used 168158K, capacity 188967K, committed 190252K, reserved 1214464K
  class space    used 23003K, capacity 24244K, committed 24364K, reserved 1048576K
}

