# JRE version: Java(TM) SE Runtime Environment (8.0_131-b11) (build 1.8.0_131-b11)
# Java VM: Java HotSpot(TM) 64-Bit Server VM (25.131-b11 mixed mode bsd-amd64 compressed oops)
Heap:
 PSYoungGen      total 303616K, used 427K [0x00000007aab00000, 0x00000007c0000000, 0x00000007c0000000)
  eden space 254976K, 0% used [0x00000007aab00000,0x00000007aab6ae68,0x00000007ba400000)
  from space 48640K, 0% used [0x00000007bd080000,0x00000007bd080000,0x00000007c0000000)
  to   space 45568K, 0% used [0x00000007ba400000,0x00000007ba400000,0x00000007bd080000)
 ParOldGen       total 699392K, used 132076K [0x0000000780000000, 0x00000007aab00000, 0x00000007aab00000)
  object space 699392K, 18% used [0x0000000780000000,0x00000007880fb208,0x00000007aab00000)
 Metaspace       used 168955K, capacity 190075K, committed 191104K, reserved 1216512K
  class space    used 23074K, capacity 24400K, committed 24448K, reserved 1048576K
GC Heap History (10 events):
Event: 313.427 GC heap before
{Heap before GC invocations=39 (full 12):
 PSYoungGen      total 295936K, used 243712K [0x00000007aab00000, 0x00000007c0000000, 0x00000007c0000000)
  eden space 243712K, 100% used [0x00000007aab00000,0x00000007b9900000,0x00000007b9900000)
  from space 52224K, 0% used [0x00000007bcd00000,0x00000007bcd00000,0x00000007c0000000)
  to   space 52736K, 0% used [0x00000007b9900000,0x00000007b9900000,0x00000007bcc80000)
 ParOldGen       total 699392K, used 127371K [0x0000000780000000, 0x00000007aab00000, 0x00000007aab00000)
  object space 699392K, 18% used [0x0000000780000000,0x0000000787c62db0,0x00000007aab00000)
 Metaspace       used 168514K, capacity 189555K, committed 189696K, reserved 1214464K
  class space    used 23041K, capacity 24302K, committed 24320K, reserved 1048576K
Event: 313.433 GC heap after
Heap after GC invocations=39 (full 12):
 PSYoungGen      total 296448K, used 2896K [0x00000007aab00000, 0x00000007c0000000, 0x00000007c0000000)
  eden space 243712K, 0% used [0x00000007aab00000,0x00000007aab00000,0x00000007b9900000)
  from space 52736K, 5% used [0x00000007b9900000,0x00000007b9bd4030,0x00000007bcc80000)
  to   space 52224K, 0% used [0x00000007bcd00000,0x00000007bcd00000,0x00000007c0000000)
 ParOldGen       total 699392K, used 127379K [0x0000000780000000, 0x00000007aab00000, 0x00000007aab00000)
  object space 699392K, 18% used [0x0000000780000000,0x0000000787c64db0,0x00000007aab00000)
 Metaspace       used 168514K, capacity 189555K, committed 189696K, reserved 1214464K
  class space    used 23041K, capacity 24302K, committed 24320K, reserved 1048576K
}
Event: 338.518 GC heap before
{Heap before GC invocations=40 (full 12):
 PSYoungGen      total 296448K, used 238455K [0x00000007aab00000, 0x00000007c0000000, 0x00000007c0000000)
  eden space 243712K, 96% used [0x00000007aab00000,0x00000007b9109bd8,0x00000007b9900000)
  from space 52736K, 5% used [0x00000007b9900000,0x00000007b9bd4030,0x00000007bcc80000)
  to   space 52224K, 0% used [0x00000007bcd00000,0x00000007bcd00000,0x00000007c0000000)
 ParOldGen       total 699392K, used 127379K [0x0000000780000000, 0x00000007aab00000, 0x00000007aab00000)
  object space 699392K, 18% used [0x0000000780000000,0x0000000787c64db0,0x00000007aab00000)
 Metaspace       used 168702K, capacity 189717K, committed 189824K, reserved 1214464K
  class space    used 23056K, capacity 24351K, committed 24448K, reserved 1048576K
Event: 338.526 GC heap after
Heap after GC invocations=40 (full 12):
 PSYoungGen      total 299008K, used 9599K [0x00000007aab00000, 0x00000007c0000000, 0x00000007c0000000)
  eden space 246784K, 0% used [0x00000007aab00000,0x00000007aab00000,0x00000007b9c00000)
  from space 52224K, 18% used [0x00000007bcd00000,0x00000007bd65fc08,0x00000007c0000000)
  to   space 50176K, 0% used [0x00000007b9c00000,0x00000007b9c00000,0x00000007bcd00000)
 ParOldGen       total 699392K, used 127387K [0x0000000780000000, 0x00000007aab00000, 0x00000007aab00000)
  object space 699392K, 18% used [0x0000000780000000,0x0000000787c66db0,0x00000007aab00000)
 Metaspace       used 168702K, capacity 189717K, committed 189824K, reserved 1214464K
  class space    used 23056K, capacity 24351K, committed 24448K, reserved 1048576K
}
Event: 500.972 GC heap before
{Heap before GC invocations=41 (full 12):
 PSYoungGen      total 299008K, used 253203K [0x00000007aab00000, 0x00000007c0000000, 0x00000007c0000000)
  eden space 246784K, 98% used [0x00000007aab00000,0x00000007b98e5280,0x00000007b9c00000)
  from space 52224K, 18% used [0x00000007bcd00000,0x00000007bd65fc08,0x00000007c0000000)
  to   space 50176K, 0% used [0x00000007b9c00000,0x00000007b9c00000,0x00000007bcd00000)
 ParOldGen       total 699392K, used 127387K [0x0000000780000000, 0x00000007aab00000, 0x00000007aab00000)
  object space 699392K, 18% used [0x0000000780000000,0x0000000787c66db0,0x00000007aab00000)
 Metaspace       used 169132K, capacity 190219K, committed 190336K, reserved 1214464K
  class space    used 23078K, capacity 24405K, committed 24448K, reserved 1048576K
Event: 500.979 GC heap after
Heap after GC invocations=41 (full 12):
 PSYoungGen      total 296960K, used 6112K [0x00000007aab00000, 0x00000007c0000000, 0x00000007c0000000)
  eden space 246784K, 0% used [0x00000007aab00000,0x00000007aab00000,0x00000007b9c00000)
  from space 50176K, 12% used [0x00000007b9c00000,0x00000007ba1f8168,0x00000007bcd00000)
  to   space 48640K, 0% used [0x00000007bd080000,0x00000007bd080000,0x00000007c0000000)
 ParOldGen       total 699392K, used 127395K [0x0000000780000000, 0x00000007aab00000, 0x00000007aab00000)
  object space 699392K, 18% used [0x0000000780000000,0x0000000787c68db0,0x00000007aab00000)
 Metaspace       used 169132K, capacity 190219K, committed 190336K, reserved 1214464K
  class space    used 23078K, capacity 24405K, committed 24448K, reserved 1048576K
}
Event: 501.306 GC heap before
{Heap before GC invocations=42 (full 12):
 PSYoungGen      total 296960K, used 209144K [0x00000007aab00000, 0x00000007c0000000, 0x00000007c0000000)
  eden space 246784K, 82% used [0x00000007aab00000,0x00000007b7146160,0x00000007b9c00000)
  from space 50176K, 12% used [0x00000007b9c00000,0x00000007ba1f8168,0x00000007bcd00000)
  to   space 48640K, 0% used [0x00000007bd080000,0x00000007bd080000,0x00000007c0000000)
 ParOldGen       total 699392K, used 127395K [0x0000000780000000, 0x00000007aab00000, 0x00000007aab00000)
  object space 699392K, 18% used [0x0000000780000000,0x0000000787c68db0,0x00000007aab00000)
 Metaspace       used 169891K, capacity 191049K, committed 191104K, reserved 1216512K
  class space    used 23115K, capacity 24446K, committed 24448K, reserved 1048576K
Event: 501.328 GC heap after
Heap after GC invocations=42 (full 12):
 PSYoungGen      total 303616K, used 14593K [0x00000007aab00000, 0x00000007c0000000, 0x00000007c0000000)
  eden space 254976K, 0% used [0x00000007aab00000,0x00000007aab00000,0x00000007ba400000)
  from space 48640K, 30% used [0x00000007bd080000,0x00000007bdec0480,0x00000007c0000000)
  to   space 45568K, 0% used [0x00000007ba400000,0x00000007ba400000,0x00000007bd080000)
 ParOldGen       total 699392K, used 127403K [0x0000000780000000, 0x00000007aab00000, 0x00000007aab00000)
  object space 699392K, 18% used [0x0000000780000000,0x0000000787c6adb0,0x00000007aab00000)
 Metaspace       used 169891K, capacity 191049K, committed 191104K, reserved 1216512K
  class space    used 23115K, capacity 24446K, committed 24448K, reserved 1048576K
}
Event: 501.328 GC heap before
{Heap before GC invocations=43 (full 13):
 PSYoungGen      total 303616K, used 14593K [0x00000007aab00000, 0x00000007c0000000, 0x00000007c0000000)
  eden space 254976K, 0% used [0x00000007aab00000,0x00000007aab00000,0x00000007ba400000)
  from space 48640K, 30% used [0x00000007bd080000,0x00000007bdec0480,0x00000007c0000000)
  to   space 45568K, 0% used [0x00000007ba400000,0x00000007ba400000,0x00000007bd080000)
 ParOldGen       total 699392K, used 127403K [0x0000000780000000, 0x00000007aab00000, 0x00000007aab00000)
  object space 699392K, 18% used [0x0000000780000000,0x0000000787c6adb0,0x00000007aab00000)
 Metaspace       used 169891K, capacity 191049K, committed 191104K, reserved 1216512K
  class space    used 23115K, capacity 24446K, committed 24448K, reserved 1048576K
Event: 501.741 GC heap after
Heap after GC invocations=43 (full 13):
 PSYoungGen      total 303616K, used 0K [0x00000007aab00000, 0x00000007c0000000, 0x00000007c0000000)
  eden space 254976K, 0% used [0x00000007aab00000,0x00000007aab00000,0x00000007ba400000)
  from space 48640K, 0% used [0x00000007bd080000,0x00000007bd080000,0x00000007c0000000)
  to   space 45568K, 0% used [0x00000007ba400000,0x00000007ba400000,0x00000007bd080000)
 ParOldGen       total 699392K, used 132076K [0x0000000780000000, 0x00000007aab00000, 0x00000007aab00000)
  object space 699392K, 18% used [0x0000000780000000,0x00000007880fb208,0x00000007aab00000)
 Metaspace       used 168955K, capacity 190075K, committed 191104K, reserved 1216512K
  class space    used 23074K, capacity 24400K, committed 24448K, reserved 1048576K
}

