# JRE version: Java(TM) SE Runtime Environment (8.0_131-b11) (build 1.8.0_131-b11)
# Java VM: Java HotSpot(TM) 64-Bit Server VM (25.131-b11 mixed mode bsd-amd64 compressed oops)
Heap:
 PSYoungGen      total 292352K, used 1017K [0x00000007aab00000, 0x00000007c0000000, 0x00000007c0000000)
  eden space 235520K, 0% used [0x00000007aab00000,0x00000007aabfe780,0x00000007b9100000)
  from space 56832K, 0% used [0x00000007b9100000,0x00000007b9100000,0x00000007bc880000)
  to   space 55296K, 0% used [0x00000007bca00000,0x00000007bca00000,0x00000007c0000000)
 ParOldGen       total 699392K, used 103025K [0x0000000780000000, 0x00000007aab00000, 0x00000007aab00000)
  object space 699392K, 14% used [0x0000000780000000,0x000000078649c548,0x00000007aab00000)
 Metaspace       used 128319K, capacity 144623K, committed 146560K, reserved 1177600K
  class space    used 17900K, capacity 18917K, committed 19072K, reserved 1048576K
GC Heap History (10 events):
Event: 170.164 GC heap before
{Heap before GC invocations=22 (full 7):
 PSYoungGen      total 295936K, used 1099K [0x00000007aab00000, 0x00000007c0000000, 0x00000007c0000000)
  eden space 240640K, 0% used [0x00000007aab00000,0x00000007aac12da0,0x00000007b9600000)
  from space 55296K, 0% used [0x00000007bca00000,0x00000007bca00000,0x00000007c0000000)
  to   space 53248K, 0% used [0x00000007b9600000,0x00000007b9600000,0x00000007bca00000)
 ParOldGen       total 699392K, used 101146K [0x0000000780000000, 0x00000007aab00000, 0x00000007aab00000)
  object space 699392K, 14% used [0x0000000780000000,0x00000007862c6b28,0x00000007aab00000)
 Metaspace       used 127578K, capacity 143679K, committed 146304K, reserved 1177600K
  class space    used 17783K, capacity 18748K, committed 19072K, reserved 1048576K
Event: 170.172 GC heap after
Heap after GC invocations=22 (full 7):
 PSYoungGen      total 240128K, used 128K [0x00000007aab00000, 0x00000007c0000000, 0x00000007c0000000)
  eden space 239616K, 0% used [0x00000007aab00000,0x00000007aab00000,0x00000007b9500000)
  from space 512K, 25% used [0x00000007b9600000,0x00000007b9620000,0x00000007b9680000)
  to   space 55808K, 0% used [0x00000007bc980000,0x00000007bc980000,0x00000007c0000000)
 ParOldGen       total 699392K, used 101146K [0x0000000780000000, 0x00000007aab00000, 0x00000007aab00000)
  object space 699392K, 14% used [0x0000000780000000,0x00000007862c6b28,0x00000007aab00000)
 Metaspace       used 127578K, capacity 143679K, committed 146304K, reserved 1177600K
  class space    used 17783K, capacity 18748K, committed 19072K, reserved 1048576K
}
Event: 170.172 GC heap before
{Heap before GC invocations=23 (full 8):
 PSYoungGen      total 240128K, used 128K [0x00000007aab00000, 0x00000007c0000000, 0x00000007c0000000)
  eden space 239616K, 0% used [0x00000007aab00000,0x00000007aab00000,0x00000007b9500000)
  from space 512K, 25% used [0x00000007b9600000,0x00000007b9620000,0x00000007b9680000)
  to   space 55808K, 0% used [0x00000007bc980000,0x00000007bc980000,0x00000007c0000000)
 ParOldGen       total 699392K, used 101146K [0x0000000780000000, 0x00000007aab00000, 0x00000007aab00000)
  object space 699392K, 14% used [0x0000000780000000,0x00000007862c6b28,0x00000007aab00000)
 Metaspace       used 127578K, capacity 143679K, committed 146304K, reserved 1177600K
  class space    used 17783K, capacity 18748K, committed 19072K, reserved 1048576K
Event: 170.485 GC heap after
Heap after GC invocations=23 (full 8):
 PSYoungGen      total 240128K, used 0K [0x00000007aab00000, 0x00000007c0000000, 0x00000007c0000000)
  eden space 239616K, 0% used [0x00000007aab00000,0x00000007aab00000,0x00000007b9500000)
  from space 512K, 0% used [0x00000007b9600000,0x00000007b9600000,0x00000007b9680000)
  to   space 55808K, 0% used [0x00000007bc980000,0x00000007bc980000,0x00000007c0000000)
 ParOldGen       total 699392K, used 98807K [0x0000000780000000, 0x00000007aab00000, 0x00000007aab00000)
  object space 699392K, 14% used [0x0000000780000000,0x000000078607dc90,0x00000007aab00000)
 Metaspace       used 127578K, capacity 143679K, committed 146304K, reserved 1177600K
  class space    used 17783K, capacity 18748K, committed 19072K, reserved 1048576K
}
Event: 171.066 GC heap before
{Heap before GC invocations=24 (full 8):
 PSYoungGen      total 240128K, used 239616K [0x00000007aab00000, 0x00000007c0000000, 0x00000007c0000000)
  eden space 239616K, 100% used [0x00000007aab00000,0x00000007b9500000,0x00000007b9500000)
  from space 512K, 0% used [0x00000007b9600000,0x00000007b9600000,0x00000007b9680000)
  to   space 55808K, 0% used [0x00000007bc980000,0x00000007bc980000,0x00000007c0000000)
 ParOldGen       total 699392K, used 98807K [0x0000000780000000, 0x00000007aab00000, 0x00000007aab00000)
  object space 699392K, 14% used [0x0000000780000000,0x000000078607dc90,0x00000007aab00000)
 Metaspace       used 128120K, capacity 144317K, committed 146560K, reserved 1177600K
  class space    used 17881K, capacity 18865K, committed 19072K, reserved 1048576K
Event: 171.071 GC heap after
Heap after GC invocations=24 (full 8):
 PSYoungGen      total 291328K, used 3181K [0x00000007aab00000, 0x00000007c0000000, 0x00000007c0000000)
  eden space 235520K, 0% used [0x00000007aab00000,0x00000007aab00000,0x00000007b9100000)
  from space 55808K, 5% used [0x00000007bc980000,0x00000007bcc9b460,0x00000007c0000000)
  to   space 56832K, 0% used [0x00000007b9100000,0x00000007b9100000,0x00000007bc880000)
 ParOldGen       total 699392K, used 98815K [0x0000000780000000, 0x00000007aab00000, 0x00000007aab00000)
  object space 699392K, 14% used [0x0000000780000000,0x000000078607fc90,0x00000007aab00000)
 Metaspace       used 128120K, capacity 144317K, committed 146560K, reserved 1177600K
  class space    used 17881K, capacity 18865K, committed 19072K, reserved 1048576K
}
Event: 256.475 GC heap before
{Heap before GC invocations=25 (full 8):
 PSYoungGen      total 291328K, used 237511K [0x00000007aab00000, 0x00000007c0000000, 0x00000007c0000000)
  eden space 235520K, 99% used [0x00000007aab00000,0x00000007b8fd6948,0x00000007b9100000)
  from space 55808K, 5% used [0x00000007bc980000,0x00000007bcc9b460,0x00000007c0000000)
  to   space 56832K, 0% used [0x00000007b9100000,0x00000007b9100000,0x00000007bc880000)
 ParOldGen       total 699392K, used 98815K [0x0000000780000000, 0x00000007aab00000, 0x00000007aab00000)
  object space 699392K, 14% used [0x0000000780000000,0x000000078607fc90,0x00000007aab00000)
 Metaspace       used 128523K, capacity 144877K, committed 146560K, reserved 1177600K
  class space    used 17911K, capacity 18959K, committed 19072K, reserved 1048576K
Event: 256.486 GC heap after
Heap after GC invocations=25 (full 8):
 PSYoungGen      total 292352K, used 13611K [0x00000007aab00000, 0x00000007c0000000, 0x00000007c0000000)
  eden space 235520K, 0% used [0x00000007aab00000,0x00000007aab00000,0x00000007b9100000)
  from space 56832K, 23% used [0x00000007b9100000,0x00000007b9e4ac00,0x00000007bc880000)
  to   space 55296K, 0% used [0x00000007bca00000,0x00000007bca00000,0x00000007c0000000)
 ParOldGen       total 699392K, used 98823K [0x0000000780000000, 0x00000007aab00000, 0x00000007aab00000)
  object space 699392K, 14% used [0x0000000780000000,0x0000000786081c90,0x00000007aab00000)
 Metaspace       used 128523K, capacity 144877K, committed 146560K, reserved 1177600K
  class space    used 17911K, capacity 18959K, committed 19072K, reserved 1048576K
}
Event: 256.486 GC heap before
{Heap before GC invocations=26 (full 9):
 PSYoungGen      total 292352K, used 13611K [0x00000007aab00000, 0x00000007c0000000, 0x00000007c0000000)
  eden space 235520K, 0% used [0x00000007aab00000,0x00000007aab00000,0x00000007b9100000)
  from space 56832K, 23% used [0x00000007b9100000,0x00000007b9e4ac00,0x00000007bc880000)
  to   space 55296K, 0% used [0x00000007bca00000,0x00000007bca00000,0x00000007c0000000)
 ParOldGen       total 699392K, used 98823K [0x0000000780000000, 0x00000007aab00000, 0x00000007aab00000)
  object space 699392K, 14% used [0x0000000780000000,0x0000000786081c90,0x00000007aab00000)
 Metaspace       used 128523K, capacity 144877K, committed 146560K, reserved 1177600K
  class space    used 17911K, capacity 18959K, committed 19072K, reserved 1048576K
Event: 256.820 GC heap after
Heap after GC invocations=26 (full 9):
 PSYoungGen      total 292352K, used 0K [0x00000007aab00000, 0x00000007c0000000, 0x00000007c0000000)
  eden space 235520K, 0% used [0x00000007aab00000,0x00000007aab00000,0x00000007b9100000)
  from space 56832K, 0% used [0x00000007b9100000,0x00000007b9100000,0x00000007bc880000)
  to   space 55296K, 0% used [0x00000007bca00000,0x00000007bca00000,0x00000007c0000000)
 ParOldGen       total 699392K, used 103025K [0x0000000780000000, 0x00000007aab00000, 0x00000007aab00000)
  object space 699392K, 14% used [0x0000000780000000,0x000000078649c548,0x00000007aab00000)
 Metaspace       used 128319K, capacity 144623K, committed 146560K, reserved 1177600K
  class space    used 17900K, capacity 18917K, committed 19072K, reserved 1048576K
}

