# JRE version: Java(TM) SE Runtime Environment (8.0_131-b11) (build 1.8.0_131-b11)
# Java VM: Java HotSpot(TM) 64-Bit Server VM (25.131-b11 mixed mode bsd-amd64 compressed oops)
Heap:
 PSYoungGen      total 306176K, used 128K [0x00000007aab00000, 0x00000007c0000000, 0x00000007c0000000)
  eden space 265216K, 0% used [0x00000007aab00000,0x00000007aab00000,0x00000007bae00000)
  from space 40960K, 0% used [0x00000007bae00000,0x00000007bae20000,0x00000007bd600000)
  to   space 39936K, 0% used [0x00000007bd900000,0x00000007bd900000,0x00000007c0000000)
 ParOldGen       total 699392K, used 131459K [0x0000000780000000, 0x00000007aab00000, 0x00000007aab00000)
  object space 699392K, 18% used [0x0000000780000000,0x0000000788060f20,0x00000007aab00000)
 Metaspace       used 167420K, capacity 188167K, committed 189312K, reserved 1214464K
  class space    used 22849K, capacity 24018K, committed 24192K, reserved 1048576K
GC Heap History (10 events):
Event: 388.261 GC heap before
{Heap before GC invocations=43 (full 13):
 PSYoungGen      total 297472K, used 1265K [0x00000007aab00000, 0x00000007c0000000, 0x00000007c0000000)
  eden space 247808K, 0% used [0x00000007aab00000,0x00000007aac3c588,0x00000007b9d00000)
  from space 49664K, 0% used [0x00000007b9d00000,0x00000007b9d00000,0x00000007bcd80000)
  to   space 46080K, 0% used [0x00000007bd300000,0x00000007bd300000,0x00000007c0000000)
 ParOldGen       total 699392K, used 130357K [0x0000000780000000, 0x00000007aab00000, 0x00000007aab00000)
  object space 699392K, 18% used [0x0000000780000000,0x0000000787f4d4f0,0x00000007aab00000)
 Metaspace       used 167108K, capacity 187843K, committed 189056K, reserved 1214464K
  class space    used 22834K, capacity 24000K, committed 24192K, reserved 1048576K
Event: 388.265 GC heap after
Heap after GC invocations=43 (full 13):
 PSYoungGen      total 304128K, used 128K [0x00000007aab00000, 0x00000007c0000000, 0x00000007c0000000)
  eden space 258048K, 0% used [0x00000007aab00000,0x00000007aab00000,0x00000007ba700000)
  from space 46080K, 0% used [0x00000007bd300000,0x00000007bd320000,0x00000007c0000000)
  to   space 45056K, 0% used [0x00000007ba700000,0x00000007ba700000,0x00000007bd300000)
 ParOldGen       total 699392K, used 130357K [0x0000000780000000, 0x00000007aab00000, 0x00000007aab00000)
  object space 699392K, 18% used [0x0000000780000000,0x0000000787f4d4f0,0x00000007aab00000)
 Metaspace       used 167108K, capacity 187843K, committed 189056K, reserved 1214464K
  class space    used 22834K, capacity 24000K, committed 24192K, reserved 1048576K
}
Event: 388.265 GC heap before
{Heap before GC invocations=44 (full 14):
 PSYoungGen      total 304128K, used 128K [0x00000007aab00000, 0x00000007c0000000, 0x00000007c0000000)
  eden space 258048K, 0% used [0x00000007aab00000,0x00000007aab00000,0x00000007ba700000)
  from space 46080K, 0% used [0x00000007bd300000,0x00000007bd320000,0x00000007c0000000)
  to   space 45056K, 0% used [0x00000007ba700000,0x00000007ba700000,0x00000007bd300000)
 ParOldGen       total 699392K, used 130357K [0x0000000780000000, 0x00000007aab00000, 0x00000007aab00000)
  object space 699392K, 18% used [0x0000000780000000,0x0000000787f4d4f0,0x00000007aab00000)
 Metaspace       used 167108K, capacity 187843K, committed 189056K, reserved 1214464K
  class space    used 22834K, capacity 24000K, committed 24192K, reserved 1048576K
Event: 388.442 GC heap after
Heap after GC invocations=44 (full 14):
 PSYoungGen      total 304128K, used 0K [0x00000007aab00000, 0x00000007c0000000, 0x00000007c0000000)
  eden space 258048K, 0% used [0x00000007aab00000,0x00000007aab00000,0x00000007ba700000)
  from space 46080K, 0% used [0x00000007bd300000,0x00000007bd300000,0x00000007c0000000)
  to   space 45056K, 0% used [0x00000007ba700000,0x00000007ba700000,0x00000007bd300000)
 ParOldGen       total 699392K, used 127262K [0x0000000780000000, 0x00000007aab00000, 0x00000007aab00000)
  object space 699392K, 18% used [0x0000000780000000,0x0000000787c47990,0x00000007aab00000)
 Metaspace       used 167108K, capacity 187843K, committed 189056K, reserved 1214464K
  class space    used 22834K, capacity 24000K, committed 24192K, reserved 1048576K
}
Event: 468.429 GC heap before
{Heap before GC invocations=45 (full 14):
 PSYoungGen      total 304128K, used 256722K [0x00000007aab00000, 0x00000007c0000000, 0x00000007c0000000)
  eden space 258048K, 99% used [0x00000007aab00000,0x00000007ba5b4830,0x00000007ba700000)
  from space 46080K, 0% used [0x00000007bd300000,0x00000007bd300000,0x00000007c0000000)
  to   space 45056K, 0% used [0x00000007ba700000,0x00000007ba700000,0x00000007bd300000)
 ParOldGen       total 699392K, used 127262K [0x0000000780000000, 0x00000007aab00000, 0x00000007aab00000)
  object space 699392K, 18% used [0x0000000780000000,0x0000000787c47990,0x00000007aab00000)
 Metaspace       used 167461K, capacity 188301K, committed 189056K, reserved 1214464K
  class space    used 22850K, capacity 24020K, committed 24192K, reserved 1048576K
Event: 468.452 GC heap after
Heap after GC invocations=45 (full 14):
 PSYoungGen      total 303104K, used 5236K [0x00000007aab00000, 0x00000007c0000000, 0x00000007c0000000)
  eden space 258048K, 0% used [0x00000007aab00000,0x00000007aab00000,0x00000007ba700000)
  from space 45056K, 11% used [0x00000007ba700000,0x00000007bac1d0d0,0x00000007bd300000)
  to   space 43008K, 0% used [0x00000007bd600000,0x00000007bd600000,0x00000007c0000000)
 ParOldGen       total 699392K, used 127262K [0x0000000780000000, 0x00000007aab00000, 0x00000007aab00000)
  object space 699392K, 18% used [0x0000000780000000,0x0000000787c47990,0x00000007aab00000)
 Metaspace       used 167461K, capacity 188301K, committed 189056K, reserved 1214464K
  class space    used 22850K, capacity 24020K, committed 24192K, reserved 1048576K
}
Event: 468.812 GC heap before
{Heap before GC invocations=46 (full 14):
 PSYoungGen      total 303104K, used 211502K [0x00000007aab00000, 0x00000007c0000000, 0x00000007c0000000)
  eden space 258048K, 79% used [0x00000007aab00000,0x00000007b746eae0,0x00000007ba700000)
  from space 45056K, 11% used [0x00000007ba700000,0x00000007bac1d0d0,0x00000007bd300000)
  to   space 43008K, 0% used [0x00000007bd600000,0x00000007bd600000,0x00000007c0000000)
 ParOldGen       total 699392K, used 127262K [0x0000000780000000, 0x00000007aab00000, 0x00000007aab00000)
  object space 699392K, 18% used [0x0000000780000000,0x0000000787c47990,0x00000007aab00000)
 Metaspace       used 168225K, capacity 188997K, committed 189312K, reserved 1214464K
  class space    used 22886K, capacity 24060K, committed 24192K, reserved 1048576K
Event: 468.849 GC heap after
Heap after GC invocations=46 (full 14):
 PSYoungGen      total 308224K, used 13743K [0x00000007aab00000, 0x00000007c0000000, 0x00000007c0000000)
  eden space 265216K, 0% used [0x00000007aab00000,0x00000007aab00000,0x00000007bae00000)
  from space 43008K, 31% used [0x00000007bd600000,0x00000007be36bee8,0x00000007c0000000)
  to   space 40960K, 0% used [0x00000007bae00000,0x00000007bae00000,0x00000007bd600000)
 ParOldGen       total 699392K, used 127270K [0x0000000780000000, 0x00000007aab00000, 0x00000007aab00000)
  object space 699392K, 18% used [0x0000000780000000,0x0000000787c49990,0x00000007aab00000)
 Metaspace       used 168225K, capacity 188997K, committed 189312K, reserved 1214464K
  class space    used 22886K, capacity 24060K, committed 24192K, reserved 1048576K
}
Event: 468.849 GC heap before
{Heap before GC invocations=47 (full 15):
 PSYoungGen      total 308224K, used 13743K [0x00000007aab00000, 0x00000007c0000000, 0x00000007c0000000)
  eden space 265216K, 0% used [0x00000007aab00000,0x00000007aab00000,0x00000007bae00000)
  from space 43008K, 31% used [0x00000007bd600000,0x00000007be36bee8,0x00000007c0000000)
  to   space 40960K, 0% used [0x00000007bae00000,0x00000007bae00000,0x00000007bd600000)
 ParOldGen       total 699392K, used 127270K [0x0000000780000000, 0x00000007aab00000, 0x00000007aab00000)
  object space 699392K, 18% used [0x0000000780000000,0x0000000787c49990,0x00000007aab00000)
 Metaspace       used 168225K, capacity 188997K, committed 189312K, reserved 1214464K
  class space    used 22886K, capacity 24060K, committed 24192K, reserved 1048576K
Event: 469.167 GC heap after
Heap after GC invocations=47 (full 15):
 PSYoungGen      total 308224K, used 0K [0x00000007aab00000, 0x00000007c0000000, 0x00000007c0000000)
  eden space 265216K, 0% used [0x00000007aab00000,0x00000007aab00000,0x00000007bae00000)
  from space 43008K, 0% used [0x00000007bd600000,0x00000007bd600000,0x00000007c0000000)
  to   space 40960K, 0% used [0x00000007bae00000,0x00000007bae00000,0x00000007bd600000)
 ParOldGen       total 699392K, used 131459K [0x0000000780000000, 0x00000007aab00000, 0x00000007aab00000)
  object space 699392K, 18% used [0x0000000780000000,0x0000000788060f20,0x00000007aab00000)
 Metaspace       used 167420K, capacity 188167K, committed 189312K, reserved 1214464K
  class space    used 22849K, capacity 24018K, committed 24192K, reserved 1048576K
}

