# JRE version: Java(TM) SE Runtime Environment (8.0_131-b11) (build 1.8.0_131-b11)
# Java VM: Java HotSpot(TM) 64-Bit Server VM (25.131-b11 mixed mode bsd-amd64 compressed oops)
Heap:
 PSYoungGen      total 309248K, used 744K [0x00000007aab00000, 0x00000007c0000000, 0x00000007c0000000)
  eden space 266240K, 0% used [0x00000007aab00000,0x00000007aabba1d0,0x00000007baf00000)
  from space 43008K, 0% used [0x00000007bd600000,0x00000007bd600000,0x00000007c0000000)
  to   space 39936K, 0% used [0x00000007baf00000,0x00000007baf00000,0x00000007bd600000)
 ParOldGen       total 699392K, used 124590K [0x0000000780000000, 0x00000007aab00000, 0x00000007aab00000)
  object space 699392K, 17% used [0x0000000780000000,0x00000007879ab8b8,0x00000007aab00000)
 Metaspace       used 169672K, capacity 190568K, committed 194432K, reserved 1218560K
  class space    used 22949K, capacity 24303K, committed 24704K, reserved 1048576K
GC Heap History (10 events):
Event: 2841.078 GC heap before
{Heap before GC invocations=47 (full 13):
 PSYoungGen      total 300544K, used 1010K [0x00000007aab00000, 0x00000007c0000000, 0x00000007c0000000)
  eden space 254464K, 0% used [0x00000007aab00000,0x00000007aabfcbe8,0x00000007ba380000)
  from space 46080K, 0% used [0x00000007ba380000,0x00000007ba380000,0x00000007bd080000)
  to   space 43520K, 0% used [0x00000007bd580000,0x00000007bd580000,0x00000007c0000000)
 ParOldGen       total 699392K, used 123597K [0x0000000780000000, 0x00000007aab00000, 0x00000007aab00000)
  object space 699392K, 17% used [0x0000000780000000,0x00000007878b3700,0x00000007aab00000)
 Metaspace       used 169407K, capacity 190170K, committed 194432K, reserved 1218560K
  class space    used 22926K, capacity 24240K, committed 24704K, reserved 1048576K
Event: 2841.083 GC heap after
Heap after GC invocations=47 (full 13):
 PSYoungGen      total 304640K, used 128K [0x00000007aab00000, 0x00000007c0000000, 0x00000007c0000000)
  eden space 261120K, 0% used [0x00000007aab00000,0x00000007aab00000,0x00000007baa00000)
  from space 43520K, 0% used [0x00000007bd580000,0x00000007bd5a0000,0x00000007c0000000)
  to   space 44032K, 0% used [0x00000007baa00000,0x00000007baa00000,0x00000007bd500000)
 ParOldGen       total 699392K, used 123597K [0x0000000780000000, 0x00000007aab00000, 0x00000007aab00000)
  object space 699392K, 17% used [0x0000000780000000,0x00000007878b3700,0x00000007aab00000)
 Metaspace       used 169407K, capacity 190170K, committed 194432K, reserved 1218560K
  class space    used 22926K, capacity 24240K, committed 24704K, reserved 1048576K
}
Event: 2841.083 GC heap before
{Heap before GC invocations=48 (full 14):
 PSYoungGen      total 304640K, used 128K [0x00000007aab00000, 0x00000007c0000000, 0x00000007c0000000)
  eden space 261120K, 0% used [0x00000007aab00000,0x00000007aab00000,0x00000007baa00000)
  from space 43520K, 0% used [0x00000007bd580000,0x00000007bd5a0000,0x00000007c0000000)
  to   space 44032K, 0% used [0x00000007baa00000,0x00000007baa00000,0x00000007bd500000)
 ParOldGen       total 699392K, used 123597K [0x0000000780000000, 0x00000007aab00000, 0x00000007aab00000)
  object space 699392K, 17% used [0x0000000780000000,0x00000007878b3700,0x00000007aab00000)
 Metaspace       used 169407K, capacity 190170K, committed 194432K, reserved 1218560K
  class space    used 22926K, capacity 24240K, committed 24704K, reserved 1048576K
Event: 2841.492 GC heap after
Heap after GC invocations=48 (full 14):
 PSYoungGen      total 304640K, used 0K [0x00000007aab00000, 0x00000007c0000000, 0x00000007c0000000)
  eden space 261120K, 0% used [0x00000007aab00000,0x00000007aab00000,0x00000007baa00000)
  from space 43520K, 0% used [0x00000007bd580000,0x00000007bd580000,0x00000007c0000000)
  to   space 44032K, 0% used [0x00000007baa00000,0x00000007baa00000,0x00000007bd500000)
 ParOldGen       total 699392K, used 120547K [0x0000000780000000, 0x00000007aab00000, 0x00000007aab00000)
  object space 699392K, 17% used [0x0000000780000000,0x00000007875b8da0,0x00000007aab00000)
 Metaspace       used 169407K, capacity 190170K, committed 194432K, reserved 1218560K
  class space    used 22926K, capacity 24240K, committed 24704K, reserved 1048576K
}
Event: 2908.702 GC heap before
{Heap before GC invocations=49 (full 14):
 PSYoungGen      total 304640K, used 260099K [0x00000007aab00000, 0x00000007c0000000, 0x00000007c0000000)
  eden space 261120K, 99% used [0x00000007aab00000,0x00000007ba900f08,0x00000007baa00000)
  from space 43520K, 0% used [0x00000007bd580000,0x00000007bd580000,0x00000007c0000000)
  to   space 44032K, 0% used [0x00000007baa00000,0x00000007baa00000,0x00000007bd500000)
 ParOldGen       total 699392K, used 120547K [0x0000000780000000, 0x00000007aab00000, 0x00000007aab00000)
  object space 699392K, 17% used [0x0000000780000000,0x00000007875b8da0,0x00000007aab00000)
 Metaspace       used 169744K, capacity 190640K, committed 194432K, reserved 1218560K
  class space    used 22951K, capacity 24306K, committed 24704K, reserved 1048576K
Event: 2908.708 GC heap after
Heap after GC invocations=49 (full 14):
 PSYoungGen      total 305152K, used 4802K [0x00000007aab00000, 0x00000007c0000000, 0x00000007c0000000)
  eden space 261120K, 0% used [0x00000007aab00000,0x00000007aab00000,0x00000007baa00000)
  from space 44032K, 10% used [0x00000007baa00000,0x00000007baeb08b0,0x00000007bd500000)
  to   space 43008K, 0% used [0x00000007bd600000,0x00000007bd600000,0x00000007c0000000)
 ParOldGen       total 699392K, used 120555K [0x0000000780000000, 0x00000007aab00000, 0x00000007aab00000)
  object space 699392K, 17% used [0x0000000780000000,0x00000007875bada0,0x00000007aab00000)
 Metaspace       used 169744K, capacity 190640K, committed 194432K, reserved 1218560K
  class space    used 22951K, capacity 24306K, committed 24704K, reserved 1048576K
}
Event: 2909.037 GC heap before
{Heap before GC invocations=50 (full 14):
 PSYoungGen      total 305152K, used 210493K [0x00000007aab00000, 0x00000007c0000000, 0x00000007c0000000)
  eden space 261120K, 78% used [0x00000007aab00000,0x00000007b73ded30,0x00000007baa00000)
  from space 44032K, 10% used [0x00000007baa00000,0x00000007baeb08b0,0x00000007bd500000)
  to   space 43008K, 0% used [0x00000007bd600000,0x00000007bd600000,0x00000007c0000000)
 ParOldGen       total 699392K, used 120555K [0x0000000780000000, 0x00000007aab00000, 0x00000007aab00000)
  object space 699392K, 17% used [0x0000000780000000,0x00000007875bada0,0x00000007aab00000)
 Metaspace       used 170481K, capacity 191400K, committed 194432K, reserved 1218560K
  class space    used 22987K, capacity 24346K, committed 24704K, reserved 1048576K
Event: 2909.049 GC heap after
Heap after GC invocations=50 (full 14):
 PSYoungGen      total 309248K, used 14340K [0x00000007aab00000, 0x00000007c0000000, 0x00000007c0000000)
  eden space 266240K, 0% used [0x00000007aab00000,0x00000007aab00000,0x00000007baf00000)
  from space 43008K, 33% used [0x00000007bd600000,0x00000007be4013e0,0x00000007c0000000)
  to   space 39936K, 0% used [0x00000007baf00000,0x00000007baf00000,0x00000007bd600000)
 ParOldGen       total 699392K, used 120563K [0x0000000780000000, 0x00000007aab00000, 0x00000007aab00000)
  object space 699392K, 17% used [0x0000000780000000,0x00000007875bcda0,0x00000007aab00000)
 Metaspace       used 170481K, capacity 191400K, committed 194432K, reserved 1218560K
  class space    used 22987K, capacity 24346K, committed 24704K, reserved 1048576K
}
Event: 2909.049 GC heap before
{Heap before GC invocations=51 (full 15):
 PSYoungGen      total 309248K, used 14340K [0x00000007aab00000, 0x00000007c0000000, 0x00000007c0000000)
  eden space 266240K, 0% used [0x00000007aab00000,0x00000007aab00000,0x00000007baf00000)
  from space 43008K, 33% used [0x00000007bd600000,0x00000007be4013e0,0x00000007c0000000)
  to   space 39936K, 0% used [0x00000007baf00000,0x00000007baf00000,0x00000007bd600000)
 ParOldGen       total 699392K, used 120563K [0x0000000780000000, 0x00000007aab00000, 0x00000007aab00000)
  object space 699392K, 17% used [0x0000000780000000,0x00000007875bcda0,0x00000007aab00000)
 Metaspace       used 170481K, capacity 191400K, committed 194432K, reserved 1218560K
  class space    used 22987K, capacity 24346K, committed 24704K, reserved 1048576K
Event: 2909.514 GC heap after
Heap after GC invocations=51 (full 15):
 PSYoungGen      total 309248K, used 0K [0x00000007aab00000, 0x00000007c0000000, 0x00000007c0000000)
  eden space 266240K, 0% used [0x00000007aab00000,0x00000007aab00000,0x00000007baf00000)
  from space 43008K, 0% used [0x00000007bd600000,0x00000007bd600000,0x00000007c0000000)
  to   space 39936K, 0% used [0x00000007baf00000,0x00000007baf00000,0x00000007bd600000)
 ParOldGen       total 699392K, used 124590K [0x0000000780000000, 0x00000007aab00000, 0x00000007aab00000)
  object space 699392K, 17% used [0x0000000780000000,0x00000007879ab8b8,0x00000007aab00000)
 Metaspace       used 169672K, capacity 190568K, committed 194432K, reserved 1218560K
  class space    used 22949K, capacity 24303K, committed 24704K, reserved 1048576K
}

