# JRE version: Java(TM) SE Runtime Environment (8.0_131-b11) (build 1.8.0_131-b11)
# Java VM: Java HotSpot(TM) 64-Bit Server VM (25.131-b11 mixed mode bsd-amd64 compressed oops)
Heap:
 PSYoungGen      total 299008K, used 1288K [0x00000007aab00000, 0x00000007c0000000, 0x00000007c0000000)
  eden space 245760K, 0% used [0x00000007aab00000,0x00000007aac42040,0x00000007b9b00000)
  from space 53248K, 0% used [0x00000007bcc00000,0x00000007bcc00000,0x00000007c0000000)
  to   space 50176K, 0% used [0x00000007b9b00000,0x00000007b9b00000,0x00000007bcc00000)
 ParOldGen       total 699392K, used 102140K [0x0000000780000000, 0x00000007aab00000, 0x00000007aab00000)
  object space 699392K, 14% used [0x0000000780000000,0x00000007863bf3b0,0x00000007aab00000)
 Metaspace       used 127818K, capacity 144043K, committed 145196K, reserved 1175552K
  class space    used 17877K, capacity 18869K, committed 18988K, reserved 1048576K
GC Heap History (10 events):
Event: 245.712 GC heap before
{Heap before GC invocations=25 (full 9):
 PSYoungGen      total 293376K, used 1425K [0x00000007aab00000, 0x00000007c0000000, 0x00000007c0000000)
  eden space 237568K, 0% used [0x00000007aab00000,0x00000007aac645a8,0x00000007b9300000)
  from space 55808K, 0% used [0x00000007b9300000,0x00000007b9300000,0x00000007bc980000)
  to   space 53248K, 0% used [0x00000007bcc00000,0x00000007bcc00000,0x00000007c0000000)
 ParOldGen       total 699392K, used 100474K [0x0000000780000000, 0x00000007aab00000, 0x00000007aab00000)
  object space 699392K, 14% used [0x0000000780000000,0x000000078621eb18,0x00000007aab00000)
 Metaspace       used 126195K, capacity 142129K, committed 142380K, reserved 1173504K
  class space    used 17666K, capacity 18629K, committed 18732K, reserved 1048576K
Event: 245.716 GC heap after
Heap after GC invocations=25 (full 9):
 PSYoungGen      total 294912K, used 192K [0x00000007aab00000, 0x00000007c0000000, 0x00000007c0000000)
  eden space 241664K, 0% used [0x00000007aab00000,0x00000007aab00000,0x00000007b9700000)
  from space 53248K, 0% used [0x00000007bcc00000,0x00000007bcc30000,0x00000007c0000000)
  to   space 53760K, 0% used [0x00000007b9700000,0x00000007b9700000,0x00000007bcb80000)
 ParOldGen       total 699392K, used 100474K [0x0000000780000000, 0x00000007aab00000, 0x00000007aab00000)
  object space 699392K, 14% used [0x0000000780000000,0x000000078621eb18,0x00000007aab00000)
 Metaspace       used 126195K, capacity 142129K, committed 142380K, reserved 1173504K
  class space    used 17666K, capacity 18629K, committed 18732K, reserved 1048576K
}
Event: 245.716 GC heap before
{Heap before GC invocations=26 (full 10):
 PSYoungGen      total 294912K, used 192K [0x00000007aab00000, 0x00000007c0000000, 0x00000007c0000000)
  eden space 241664K, 0% used [0x00000007aab00000,0x00000007aab00000,0x00000007b9700000)
  from space 53248K, 0% used [0x00000007bcc00000,0x00000007bcc30000,0x00000007c0000000)
  to   space 53760K, 0% used [0x00000007b9700000,0x00000007b9700000,0x00000007bcb80000)
 ParOldGen       total 699392K, used 100474K [0x0000000780000000, 0x00000007aab00000, 0x00000007aab00000)
  object space 699392K, 14% used [0x0000000780000000,0x000000078621eb18,0x00000007aab00000)
 Metaspace       used 126195K, capacity 142129K, committed 142380K, reserved 1173504K
  class space    used 17666K, capacity 18629K, committed 18732K, reserved 1048576K
Event: 245.973 GC heap after
Heap after GC invocations=26 (full 10):
 PSYoungGen      total 294912K, used 0K [0x00000007aab00000, 0x00000007c0000000, 0x00000007c0000000)
  eden space 241664K, 0% used [0x00000007aab00000,0x00000007aab00000,0x00000007b9700000)
  from space 53248K, 0% used [0x00000007bcc00000,0x00000007bcc00000,0x00000007c0000000)
  to   space 53760K, 0% used [0x00000007b9700000,0x00000007b9700000,0x00000007bcb80000)
 ParOldGen       total 699392K, used 97890K [0x0000000780000000, 0x00000007aab00000, 0x00000007aab00000)
  object space 699392K, 13% used [0x0000000780000000,0x0000000785f98938,0x00000007aab00000)
 Metaspace       used 126195K, capacity 142129K, committed 142380K, reserved 1173504K
  class space    used 17666K, capacity 18629K, committed 18732K, reserved 1048576K
}
Event: 246.454 GC heap before
{Heap before GC invocations=27 (full 10):
 PSYoungGen      total 294912K, used 241664K [0x00000007aab00000, 0x00000007c0000000, 0x00000007c0000000)
  eden space 241664K, 100% used [0x00000007aab00000,0x00000007b9700000,0x00000007b9700000)
  from space 53248K, 0% used [0x00000007bcc00000,0x00000007bcc00000,0x00000007c0000000)
  to   space 53760K, 0% used [0x00000007b9700000,0x00000007b9700000,0x00000007bcb80000)
 ParOldGen       total 699392K, used 97890K [0x0000000780000000, 0x00000007aab00000, 0x00000007aab00000)
  object space 699392K, 13% used [0x0000000780000000,0x0000000785f98938,0x00000007aab00000)
 Metaspace       used 126767K, capacity 142863K, committed 142892K, reserved 1173504K
  class space    used 17759K, capacity 18714K, committed 18732K, reserved 1048576K
Event: 246.459 GC heap after
Heap after GC invocations=27 (full 10):
 PSYoungGen      total 295424K, used 3117K [0x00000007aab00000, 0x00000007c0000000, 0x00000007c0000000)
  eden space 241664K, 0% used [0x00000007aab00000,0x00000007aab00000,0x00000007b9700000)
  from space 53760K, 5% used [0x00000007b9700000,0x00000007b9a0b460,0x00000007bcb80000)
  to   space 53248K, 0% used [0x00000007bcc00000,0x00000007bcc00000,0x00000007c0000000)
 ParOldGen       total 699392K, used 97898K [0x0000000780000000, 0x00000007aab00000, 0x00000007aab00000)
  object space 699392K, 13% used [0x0000000780000000,0x0000000785f9a938,0x00000007aab00000)
 Metaspace       used 126767K, capacity 142863K, committed 142892K, reserved 1173504K
  class space    used 17759K, capacity 18714K, committed 18732K, reserved 1048576K
}
Event: 337.476 GC heap before
{Heap before GC invocations=28 (full 10):
 PSYoungGen      total 295424K, used 240188K [0x00000007aab00000, 0x00000007c0000000, 0x00000007c0000000)
  eden space 241664K, 98% used [0x00000007aab00000,0x00000007b9283f60,0x00000007b9700000)
  from space 53760K, 5% used [0x00000007b9700000,0x00000007b9a0b460,0x00000007bcb80000)
  to   space 53248K, 0% used [0x00000007bcc00000,0x00000007bcc00000,0x00000007c0000000)
 ParOldGen       total 699392K, used 97898K [0x0000000780000000, 0x00000007aab00000, 0x00000007aab00000)
  object space 699392K, 13% used [0x0000000780000000,0x0000000785f9a938,0x00000007aab00000)
 Metaspace       used 128630K, capacity 144873K, committed 145196K, reserved 1175552K
  class space    used 17915K, capacity 18911K, committed 18988K, reserved 1048576K
Event: 337.487 GC heap after
Heap after GC invocations=28 (full 10):
 PSYoungGen      total 299008K, used 14440K [0x00000007aab00000, 0x00000007c0000000, 0x00000007c0000000)
  eden space 245760K, 0% used [0x00000007aab00000,0x00000007aab00000,0x00000007b9b00000)
  from space 53248K, 27% used [0x00000007bcc00000,0x00000007bda1a100,0x00000007c0000000)
  to   space 50176K, 0% used [0x00000007b9b00000,0x00000007b9b00000,0x00000007bcc00000)
 ParOldGen       total 699392K, used 97906K [0x0000000780000000, 0x00000007aab00000, 0x00000007aab00000)
  object space 699392K, 13% used [0x0000000780000000,0x0000000785f9c938,0x00000007aab00000)
 Metaspace       used 128630K, capacity 144873K, committed 145196K, reserved 1175552K
  class space    used 17915K, capacity 18911K, committed 18988K, reserved 1048576K
}
Event: 337.487 GC heap before
{Heap before GC invocations=29 (full 11):
 PSYoungGen      total 299008K, used 14440K [0x00000007aab00000, 0x00000007c0000000, 0x00000007c0000000)
  eden space 245760K, 0% used [0x00000007aab00000,0x00000007aab00000,0x00000007b9b00000)
  from space 53248K, 27% used [0x00000007bcc00000,0x00000007bda1a100,0x00000007c0000000)
  to   space 50176K, 0% used [0x00000007b9b00000,0x00000007b9b00000,0x00000007bcc00000)
 ParOldGen       total 699392K, used 97906K [0x0000000780000000, 0x00000007aab00000, 0x00000007aab00000)
  object space 699392K, 13% used [0x0000000780000000,0x0000000785f9c938,0x00000007aab00000)
 Metaspace       used 128630K, capacity 144873K, committed 145196K, reserved 1175552K
  class space    used 17915K, capacity 18911K, committed 18988K, reserved 1048576K
Event: 337.918 GC heap after
Heap after GC invocations=29 (full 11):
 PSYoungGen      total 299008K, used 0K [0x00000007aab00000, 0x00000007c0000000, 0x00000007c0000000)
  eden space 245760K, 0% used [0x00000007aab00000,0x00000007aab00000,0x00000007b9b00000)
  from space 53248K, 0% used [0x00000007bcc00000,0x00000007bcc00000,0x00000007c0000000)
  to   space 50176K, 0% used [0x00000007b9b00000,0x00000007b9b00000,0x00000007bcc00000)
 ParOldGen       total 699392K, used 102140K [0x0000000780000000, 0x00000007aab00000, 0x00000007aab00000)
  object space 699392K, 14% used [0x0000000780000000,0x00000007863bf3b0,0x00000007aab00000)
 Metaspace       used 127818K, capacity 144043K, committed 145196K, reserved 1175552K
  class space    used 17877K, capacity 18869K, committed 18988K, reserved 1048576K
}

